{"/Users/feyza/Desktop/wolt-clone/src/components/button.tsx": {"path":"/Users/feyza/Desktop/wolt-clone/src/components/button.tsx","statementMap":{"0":{"start":{"line":1,"column":0},"end":{"line":1,"column":24}},"1":{"start":{"line":2,"column":0},"end":{"line":2,"column":26}},"2":{"start":{"line":18,"column":32},"end":{"line":48,"column":1}},"3":{"start":{"line":19,"column":47},"end":{"line":19,"column":53}},"4":{"start":{"line":20,"column":16},"end":{"line":32,"column":3}},"5":{"start":{"line":34,"column":1},"end":{"line":47,"column":3}},"6":{"start":{"line":51,"column":0},"end":{"line":51,"column":22}}},"fnMap":{"0":{"name":"(anonymous_3)","decl":{"start":{"line":18,"column":32},"end":{"line":18,"column":33}},"loc":{"start":{"line":18,"column":45},"end":{"line":48,"column":1}}}},"branchMap":{"0":{"loc":{"start":{"line":21,"column":117},"end":{"line":21,"column":146}},"type":"binary-expr","locations":[{"start":{"line":21,"column":117},"end":{"line":21,"column":122}},{"start":{"line":21,"column":126},"end":{"line":21,"column":146}}]},"1":{"loc":{"start":{"line":22,"column":67},"end":{"line":22,"column":97}},"type":"binary-expr","locations":[{"start":{"line":22,"column":67},"end":{"line":22,"column":72}},{"start":{"line":22,"column":76},"end":{"line":22,"column":97}}]},"2":{"loc":{"start":{"line":24,"column":63},"end":{"line":24,"column":89}},"type":"binary-expr","locations":[{"start":{"line":24,"column":63},"end":{"line":24,"column":68}},{"start":{"line":24,"column":72},"end":{"line":24,"column":89}}]},"3":{"loc":{"start":{"line":41,"column":4},"end":{"line":41,"column":30}},"type":"binary-expr","locations":[{"start":{"line":41,"column":4},"end":{"line":41,"column":11}},{"start":{"line":41,"column":15},"end":{"line":41,"column":30}}]}},"s":{"0":1,"1":1,"2":1,"3":29,"4":7,"5":7,"6":1},"f":{"0":8},"b":{"0":[7,2],"1":[7,2],"2":[7,2],"3":[7,7]}}
,"/Users/feyza/Desktop/wolt-clone/src/components/popover-button.tsx": {"path":"/Users/feyza/Desktop/wolt-clone/src/components/popover-button.tsx","statementMap":{"0":{"start":{"line":1,"column":0},"end":{"line":1,"column":24}},"1":{"start":{"line":3,"column":0},"end":{"line":3,"column":58}},"2":{"start":{"line":4,"column":0},"end":{"line":4,"column":43}},"3":{"start":{"line":18,"column":39},"end":{"line":45,"column":1}},"4":{"start":{"line":19,"column":85},"end":{"line":19,"column":91}},"5":{"start":{"line":21,"column":1},"end":{"line":44,"column":3}},"6":{"start":{"line":22,"column":40},"end":{"line":22,"column":null}},"7":{"start":{"line":31,"column":54},"end":{"line":31,"column":88}},"8":{"start":{"line":47,"column":0},"end":{"line":47,"column":29}}},"fnMap":{"0":{"name":"(anonymous_3)","decl":{"start":{"line":18,"column":39},"end":{"line":18,"column":40}},"loc":{"start":{"line":18,"column":52},"end":{"line":45,"column":1}}},"1":{"name":"(anonymous_4)","decl":{"start":{"line":22,"column":34},"end":{"line":22,"column":40}},"loc":{"start":{"line":22,"column":34},"end":{"line":22,"column":51}}},"2":{"name":"(anonymous_5)","decl":{"start":{"line":31,"column":48},"end":{"line":31,"column":54}},"loc":{"start":{"line":31,"column":48},"end":{"line":31,"column":61}}}},"branchMap":{"0":{"loc":{"start":{"line":22,"column":40},"end":{"line":22,"column":68}},"type":"binary-expr","locations":[{"start":{"line":22,"column":40},"end":{"line":22,"column":51}},{"start":{"line":22,"column":55},"end":{"line":22,"column":68}}]},"1":{"loc":{"start":{"line":31,"column":54},"end":{"line":31,"column":74}},"type":"binary-expr","locations":[{"start":{"line":31,"column":54},"end":{"line":31,"column":61}},{"start":{"line":31,"column":65},"end":{"line":31,"column":74}}]},"2":{"loc":{"start":{"line":34,"column":51},"end":{"line":34,"column":75}},"type":"cond-expr","locations":[{"start":{"line":34,"column":58},"end":{"line":34,"column":70}},{"start":{"line":34,"column":73},"end":{"line":34,"column":75}}]},"3":{"loc":{"start":{"line":37,"column":5},"end":{"line":40,"column":null}},"type":"binary-expr","locations":[{"start":{"line":37,"column":5},"end":{"line":37,"column":9}},{"start":{"line":38,"column":5},"end":{"line":39,"column":null}}]}},"s":{"0":1,"1":1,"2":1,"3":1,"4":14,"5":2,"6":0,"7":1,"8":1},"f":{"0":2,"1":0,"2":1},"b":{"0":[0,0],"1":[1,1],"2":[1,1],"3":[2,1]}}
,"/Users/feyza/Desktop/wolt-clone/src/components/header/login-button.tsx": {"path":"/Users/feyza/Desktop/wolt-clone/src/components/header/login-button.tsx","statementMap":{"0":{"start":{"line":1,"column":0},"end":{"line":1,"column":24}},"1":{"start":{"line":2,"column":0},"end":{"line":2,"column":38}},"2":{"start":{"line":3,"column":0},"end":{"line":3,"column":40}},"3":{"start":{"line":4,"column":0},"end":{"line":4,"column":73}},"4":{"start":{"line":5,"column":0},"end":{"line":5,"column":31}},"5":{"start":{"line":6,"column":0},"end":{"line":6,"column":42}},"6":{"start":{"line":7,"column":0},"end":{"line":7,"column":46}},"7":{"start":{"line":8,"column":0},"end":{"line":8,"column":43}},"8":{"start":{"line":10,"column":20},"end":{"line":47,"column":1}},"9":{"start":{"line":11,"column":31},"end":{"line":11,"column":46}},"10":{"start":{"line":11,"column":15},"end":{"line":11,"column":17}},"11":{"start":{"line":11,"column":27},"end":{"line":11,"column":31}},"12":{"start":{"line":12,"column":18},"end":{"line":12,"column":31}},"13":{"start":{"line":14,"column":21},"end":{"line":18,"column":2}},"14":{"start":{"line":15,"column":2},"end":{"line":15,"column":41}},"15":{"start":{"line":17,"column":2},"end":{"line":17,"column":20}},"16":{"start":{"line":20,"column":1},"end":{"line":46,"column":3}},"17":{"start":{"line":39,"column":25},"end":{"line":39,"column":null}},"18":{"start":{"line":40,"column":21},"end":{"line":40,"column":null}},"19":{"start":{"line":48,"column":0},"end":{"line":48,"column":27}}},"fnMap":{"0":{"name":"(anonymous_3)","decl":{"start":{"line":10,"column":20},"end":{"line":10,"column":null}},"loc":{"start":{"line":10,"column":20},"end":{"line":47,"column":1}}},"1":{"name":"(anonymous_4)","decl":{"start":{"line":14,"column":21},"end":{"line":14,"column":null}},"loc":{"start":{"line":14,"column":21},"end":{"line":18,"column":2}}},"2":{"name":"(anonymous_5)","decl":{"start":{"line":39,"column":19},"end":{"line":39,"column":25}},"loc":{"start":{"line":39,"column":19},"end":{"line":39,"column":35}}},"3":{"name":"(anonymous_6)","decl":{"start":{"line":40,"column":15},"end":{"line":40,"column":21}},"loc":{"start":{"line":40,"column":15},"end":{"line":40,"column":31}}}},"branchMap":{},"s":{"0":1,"1":1,"2":1,"3":1,"4":1,"5":1,"6":1,"7":1,"8":1,"9":3,"10":2,"11":2,"12":2,"13":2,"14":0,"15":0,"16":2,"17":0,"18":1,"19":1},"f":{"0":3,"1":0,"2":0,"3":1},"b":{}}
,"/Users/feyza/Desktop/wolt-clone/src/components/header/login-toolbar.tsx": {"path":"/Users/feyza/Desktop/wolt-clone/src/components/header/login-toolbar.tsx","statementMap":{"0":{"start":{"line":1,"column":0},"end":{"line":1,"column":53}},"1":{"start":{"line":2,"column":0},"end":{"line":2,"column":31}},"2":{"start":{"line":3,"column":0},"end":{"line":3,"column":50}},"3":{"start":{"line":12,"column":21},"end":{"line":39,"column":1}},"4":{"start":{"line":12,"column":30},"end":{"line":12,"column":32}},"5":{"start":{"line":12,"column":36},"end":{"line":12,"column":38}},"6":{"start":{"line":12,"column":45},"end":{"line":12,"column":53}},"7":{"start":{"line":13,"column":1},"end":{"line":38,"column":3}},"8":{"start":{"line":42,"column":0},"end":{"line":42,"column":28}}},"fnMap":{"0":{"name":"(anonymous_3)","decl":{"start":{"line":12,"column":21},"end":{"line":12,"column":22}},"loc":{"start":{"line":12,"column":53},"end":{"line":39,"column":1}}}},"branchMap":{},"s":{"0":1,"1":1,"2":1,"3":1,"4":1,"5":1,"6":1,"7":1,"8":1},"f":{"0":1},"b":{}}
,"/Users/feyza/Desktop/wolt-clone/src/components/icons/down-arrow.tsx": {"path":"/Users/feyza/Desktop/wolt-clone/src/components/icons/down-arrow.tsx","statementMap":{"0":{"start":{"line":2,"column":38},"end":{"line":17,"column":1}},"1":{"start":{"line":2,"column":46},"end":{"line":2,"column":48}},"2":{"start":{"line":2,"column":53},"end":{"line":2,"column":55}},"3":{"start":{"line":2,"column":60},"end":{"line":2,"column":62}},"4":{"start":{"line":2,"column":71},"end":{"line":2,"column":73}},"5":{"start":{"line":2,"column":80},"end":{"line":2,"column":85}},"6":{"start":{"line":2,"column":90},"end":{"line":2,"column":101}},"7":{"start":{"line":3,"column":1},"end":{"line":16,"column":3}},"8":{"start":{"line":18,"column":0},"end":{"line":18,"column":25}}},"fnMap":{"0":{"name":"(anonymous_3)","decl":{"start":{"line":2,"column":38},"end":{"line":2,"column":39}},"loc":{"start":{"line":2,"column":101},"end":{"line":17,"column":1}}}},"branchMap":{},"s":{"0":1,"1":2,"2":2,"3":2,"4":2,"5":2,"6":2,"7":2,"8":1},"f":{"0":2},"b":{}}
,"/Users/feyza/Desktop/wolt-clone/src/components/icons/triangle-icon.tsx": {"path":"/Users/feyza/Desktop/wolt-clone/src/components/icons/triangle-icon.tsx","statementMap":{"0":{"start":{"line":2,"column":41},"end":{"line":13,"column":1}},"1":{"start":{"line":3,"column":10},"end":{"line":3,"column":null}},"2":{"start":{"line":5,"column":9},"end":{"line":6,"column":11}},"3":{"start":{"line":7,"column":1},"end":{"line":12,"column":3}},"4":{"start":{"line":14,"column":0},"end":{"line":14,"column":28}}},"fnMap":{"0":{"name":"(anonymous_3)","decl":{"start":{"line":2,"column":41},"end":{"line":2,"column":42}},"loc":{"start":{"line":6,"column":11},"end":{"line":13,"column":1}}}},"branchMap":{},"s":{"0":1,"1":1,"2":1,"3":1,"4":1},"f":{"0":1},"b":{}}
,"/Users/feyza/Desktop/wolt-clone/src/components/icons/user-icon.tsx": {"path":"/Users/feyza/Desktop/wolt-clone/src/components/icons/user-icon.tsx","statementMap":{"0":{"start":{"line":2,"column":17},"end":{"line":8,"column":1}},"1":{"start":{"line":2,"column":25},"end":{"line":2,"column":27}},"2":{"start":{"line":2,"column":32},"end":{"line":2,"column":34}},"3":{"start":{"line":2,"column":43},"end":{"line":2,"column":48}},"4":{"start":{"line":2,"column":53},"end":{"line":2,"column":64}},"5":{"start":{"line":3,"column":1},"end":{"line":7,"column":3}},"6":{"start":{"line":9,"column":0},"end":{"line":9,"column":24}}},"fnMap":{"0":{"name":"(anonymous_3)","decl":{"start":{"line":2,"column":17},"end":{"line":2,"column":18}},"loc":{"start":{"line":2,"column":64},"end":{"line":8,"column":1}}}},"branchMap":{},"s":{"0":1,"1":2,"2":2,"3":2,"4":2,"5":2,"6":1},"f":{"0":2},"b":{}}
,"/Users/feyza/Desktop/wolt-clone/src/store/actions/globalActions.ts": {"path":"/Users/feyza/Desktop/wolt-clone/src/store/actions/globalActions.ts","statementMap":{"0":{"start":{"line":1,"column":0},"end":{"line":1,"column":null}},"1":{"start":{"line":2,"column":1},"end":{"line":2,"column":null}},"2":{"start":{"line":10,"column":8},"end":{"line":10,"column":24}},"3":{"start":{"line":5,"column":31},"end":{"line":5,"column":51}},"4":{"start":{"line":5,"column":50},"end":{"line":8,"column":3}},"5":{"start":{"line":10,"column":26},"end":{"line":10,"column":48}}},"fnMap":{"0":{"name":"(anonymous_0)","decl":{"start":{"line":1,"column":0},"end":{"line":1,"column":5}},"loc":{"start":{"line":1,"column":21},"end":{"line":3,"column":1}}},"1":{"name":"(anonymous_1)","decl":{"start":{"line":5,"column":31},"end":{"line":5,"column":32}},"loc":{"start":{"line":5,"column":45},"end":{"line":5,"column":51}}}},"branchMap":{"0":{"loc":{"start":{"line":1,"column":5},"end":{"line":1,"column":null}},"type":"binary-expr","locations":[{"start":{"line":1,"column":5},"end":{"line":1,"column":21}},{"start":{"line":1,"column":5},"end":{"line":1,"column":null}}]}},"s":{"0":1,"1":1,"2":1,"3":1,"4":0,"5":1},"f":{"0":1,"1":0},"b":{"0":[1,1]}}
,"/Users/feyza/Desktop/wolt-clone/src/store/reducers/globalReducer.ts": {"path":"/Users/feyza/Desktop/wolt-clone/src/store/reducers/globalReducer.ts","statementMap":{"0":{"start":{"line":1,"column":0},"end":{"line":1,"column":58}},"1":{"start":{"line":3,"column":13},"end":{"line":5,"column":2}},"2":{"start":{"line":7,"column":22},"end":{"line":14,"column":1}},"3":{"start":{"line":7,"column":23},"end":{"line":7,"column":45}},"4":{"start":{"line":8,"column":1},"end":{"line":13,"column":null}},"5":{"start":{"line":10,"column":3},"end":{"line":10,"column":40}},"6":{"start":{"line":12,"column":3},"end":{"line":12,"column":16}},"7":{"start":{"line":16,"column":0},"end":{"line":16,"column":29}}},"fnMap":{"0":{"name":"(anonymous_0)","decl":{"start":{"line":7,"column":22},"end":{"line":7,"column":23}},"loc":{"start":{"line":7,"column":56},"end":{"line":14,"column":1}}}},"branchMap":{"0":{"loc":{"start":{"line":7,"column":23},"end":{"line":7,"column":45}},"type":"if","locations":[{"start":{"line":7,"column":23},"end":{"line":7,"column":45}}]},"1":{"loc":{"start":{"line":8,"column":1},"end":{"line":13,"column":null}},"type":"switch","locations":[{"start":{"line":9,"column":2},"end":{"line":10,"column":40}},{"start":{"line":11,"column":2},"end":{"line":12,"column":16}}]}},"s":{"0":1,"1":1,"2":1,"3":5,"4":3,"5":0,"6":3,"7":1},"f":{"0":3},"b":{"0":[2],"1":[0,3]}}
,"/Users/feyza/Desktop/wolt-clone/src/tests/test-util.tsx": {"path":"/Users/feyza/Desktop/wolt-clone/src/tests/test-util.tsx","statementMap":{"0":{"start":{"line":2,"column":0},"end":{"line":2,"column":92}},"1":{"start":{"line":3,"column":0},"end":{"line":3,"column":74}},"2":{"start":{"line":5,"column":0},"end":{"line":5,"column":37}},"3":{"start":{"line":7,"column":0},"end":{"line":7,"column":60}},"4":{"start":{"line":18,"column":26},"end":{"line":18,"column":40}},"5":{"start":{"line":21,"column":2},"end":{"line":27,"column":4}},"6":{"start":{"line":29,"column":27},"end":{"line":29,"column":57}},"7":{"start":{"line":30,"column":2},"end":{"line":30,"column":55}},"8":{"start":{"line":33,"column":1},"end":{"line":33,"column":54}},"9":{"start":{"line":37,"column":8},"end":{"line":37,"column":14}},"10":{"start":{"line":36,"column":0},"end":{"line":36,"column":39}}},"fnMap":{"0":{"name":"render","decl":{"start":{"line":17,"column":9},"end":{"line":17,"column":15}},"loc":{"start":{"line":17,"column":63},"end":{"line":34,"column":1}}},"1":{"name":"Wrapper","decl":{"start":{"line":29,"column":10},"end":{"line":29,"column":17}},"loc":{"start":{"line":29,"column":57},"end":{"line":31,"column":2}}}},"branchMap":{"0":{"loc":{"start":{"line":18,"column":26},"end":{"line":18,"column":39}},"type":"binary-expr","locations":[{"start":{"line":18,"column":26},"end":{"line":18,"column":33}},{"start":{"line":18,"column":37},"end":{"line":18,"column":39}}]},"1":{"loc":{"start":{"line":21,"column":2},"end":{"line":27,"column":4}},"type":"binary-expr","locations":[{"start":{"line":21,"column":2},"end":{"line":21,"column":16}},{"start":{"line":22,"column":2},"end":{"line":27,"column":4}}]},"2":{"loc":{"start":{"line":21,"column":2},"end":{"line":21,"column":16}},"type":"cond-expr","locations":[{"start":{"line":21,"column":9},"end":{"line":21,"column":11}},{"start":{"line":21,"column":2},"end":{"line":21,"column":16}}]},"3":{"loc":{"start":{"line":21,"column":2},"end":{"line":21,"column":11}},"type":"binary-expr","locations":[{"start":{"line":21,"column":2},"end":{"line":21,"column":11}},{"start":{"line":21,"column":2},"end":{"line":21,"column":11}}]}},"s":{"0":1,"1":1,"2":1,"3":1,"4":1,"5":1,"6":2,"7":1,"8":1,"9":1,"10":1},"f":{"0":1,"1":2},"b":{"0":[1,0],"1":[1,1],"2":[0,1],"3":[1,1]}}
}
