TN:
SF:src/components/button.tsx
FN:18,(anonymous_3)
FNF:1
FNH:1
FNDA:8,(anonymous_3)
DA:1,1
DA:2,1
DA:18,1
DA:19,29
DA:20,7
DA:34,7
DA:51,1
LF:7
LH:7
BRDA:21,0,0,7
BRDA:21,0,1,2
BRDA:22,1,0,7
BRDA:22,1,1,2
BRDA:24,2,0,7
BRDA:24,2,1,2
BRDA:41,3,0,7
BRDA:41,3,1,7
BRF:8
BRH:8
end_of_record
TN:
SF:src/components/popover-button.tsx
FN:18,(anonymous_3)
FN:22,(anonymous_4)
FN:31,(anonymous_5)
FNF:3
FNH:2
FNDA:2,(anonymous_3)
FNDA:0,(anonymous_4)
FNDA:1,(anonymous_5)
DA:1,1
DA:3,1
DA:4,1
DA:18,1
DA:19,14
DA:21,2
DA:22,0
DA:31,1
DA:47,1
LF:9
LH:8
BRDA:22,0,0,0
BRDA:22,0,1,0
BRDA:31,1,0,1
BRDA:31,1,1,1
BRDA:34,2,0,1
BRDA:34,2,1,1
BRDA:37,3,0,2
BRDA:37,3,1,1
BRF:8
BRH:6
end_of_record
TN:
SF:src/components/header/login-button.tsx
FN:10,(anonymous_3)
FN:14,(anonymous_4)
FN:39,(anonymous_5)
FN:40,(anonymous_6)
FNF:4
FNH:2
FNDA:3,(anonymous_3)
FNDA:0,(anonymous_4)
FNDA:0,(anonymous_5)
FNDA:1,(anonymous_6)
DA:1,1
DA:2,1
DA:3,1
DA:4,1
DA:5,1
DA:6,1
DA:7,1
DA:8,1
DA:10,1
DA:11,3
DA:12,2
DA:14,2
DA:15,0
DA:17,0
DA:20,2
DA:39,0
DA:40,1
DA:48,1
LF:18
LH:15
BRF:0
BRH:0
end_of_record
TN:
SF:src/components/header/login-toolbar.tsx
FN:12,(anonymous_3)
FNF:1
FNH:1
FNDA:1,(anonymous_3)
DA:1,1
DA:2,1
DA:3,1
DA:12,1
DA:13,1
DA:42,1
LF:6
LH:6
BRF:0
BRH:0
end_of_record
TN:
SF:src/components/icons/down-arrow.tsx
FN:2,(anonymous_3)
FNF:1
FNH:1
FNDA:2,(anonymous_3)
DA:2,2
DA:3,2
DA:18,1
LF:3
LH:3
BRF:0
BRH:0
end_of_record
TN:
SF:src/components/icons/triangle-icon.tsx
FN:2,(anonymous_3)
FNF:1
FNH:1
FNDA:1,(anonymous_3)
DA:2,1
DA:3,1
DA:5,1
DA:7,1
DA:14,1
LF:5
LH:5
BRF:0
BRH:0
end_of_record
TN:
SF:src/components/icons/user-icon.tsx
FN:2,(anonymous_3)
FNF:1
FNH:1
FNDA:2,(anonymous_3)
DA:2,2
DA:3,2
DA:9,1
LF:3
LH:3
BRF:0
BRH:0
end_of_record
TN:
SF:src/store/actions/globalActions.ts
FN:1,(anonymous_0)
FN:5,(anonymous_1)
FNF:2
FNH:1
FNDA:1,(anonymous_0)
FNDA:0,(anonymous_1)
DA:1,1
DA:2,1
DA:5,1
DA:10,1
LF:4
LH:4
BRDA:1,0,0,1
BRDA:1,0,1,1
BRF:2
BRH:2
end_of_record
TN:
SF:src/store/reducers/globalReducer.ts
FN:7,(anonymous_0)
FNF:1
FNH:1
FNDA:3,(anonymous_0)
DA:1,1
DA:3,1
DA:7,5
DA:8,3
DA:10,0
DA:12,3
DA:16,1
LF:7
LH:6
BRDA:7,0,0,2
BRDA:8,1,0,0
BRDA:8,1,1,3
BRF:3
BRH:2
end_of_record
TN:
SF:src/tests/test-util.tsx
FN:17,render
FN:29,Wrapper
FNF:2
FNH:2
FNDA:1,render
FNDA:2,Wrapper
DA:2,1
DA:3,1
DA:5,1
DA:7,1
DA:18,1
DA:21,1
DA:29,2
DA:30,1
DA:33,1
DA:36,1
DA:37,1
LF:11
LH:11
BRDA:18,0,0,1
BRDA:18,0,1,0
BRDA:21,1,0,1
BRDA:21,1,1,1
BRDA:21,2,0,0
BRDA:21,2,1,1
BRDA:21,3,0,1
BRDA:21,3,1,1
BRF:8
BRH:6
end_of_record
